0 info it worked if it ends with ok
1 verbose cli [ '/usr/bin/node', '/usr/bin/npm', 'publish' ]
2 info using npm@1.4.28
3 info using node@v0.10.37
4 verbose node symlink /usr/bin/node
5 verbose publish [ '.' ]
6 verbose cache add [ '.', null ]
7 verbose cache add name=undefined spec="." args=[".",null]
8 verbose parsed url { protocol: null,
8 verbose parsed url   slashes: null,
8 verbose parsed url   auth: null,
8 verbose parsed url   host: null,
8 verbose parsed url   port: null,
8 verbose parsed url   hostname: null,
8 verbose parsed url   hash: null,
8 verbose parsed url   search: null,
8 verbose parsed url   query: null,
8 verbose parsed url   pathname: '.',
8 verbose parsed url   path: '.',
8 verbose parsed url   href: '.' }
9 silly lockFile 3a52ce78- .
10 verbose lock . /root/.npm/3a52ce78-.lock
11 verbose tar pack [ '/root/.npm/angular-inview/0.0.1/package.tgz', '.' ]
12 verbose tarball /root/.npm/angular-inview/0.0.1/package.tgz
13 verbose folder .
14 info prepublish angular-inview@0.0.1
15 silly lockFile 1f1177db-tar tar://.
16 verbose lock tar://. /root/.npm/1f1177db-tar.lock
17 silly lockFile 911b5ac4-angular-inview-0-0-1-package-tgz tar:///root/.npm/angular-inview/0.0.1/package.tgz
18 verbose lock tar:///root/.npm/angular-inview/0.0.1/package.tgz /root/.npm/911b5ac4-angular-inview-0-0-1-package-tgz.lock
19 silly lockFile 1f1177db-tar tar://.
20 silly lockFile 1f1177db-tar tar://.
21 silly lockFile 911b5ac4-angular-inview-0-0-1-package-tgz tar:///root/.npm/angular-inview/0.0.1/package.tgz
22 silly lockFile 911b5ac4-angular-inview-0-0-1-package-tgz tar:///root/.npm/angular-inview/0.0.1/package.tgz
23 silly lockFile e3e97b21-npm-angular-inview-0-0-1-package /root/.npm/angular-inview/0.0.1/package
24 verbose lock /root/.npm/angular-inview/0.0.1/package /root/.npm/e3e97b21-npm-angular-inview-0-0-1-package.lock
25 silly lockFile e3e97b21-npm-angular-inview-0-0-1-package /root/.npm/angular-inview/0.0.1/package
26 silly lockFile e3e97b21-npm-angular-inview-0-0-1-package /root/.npm/angular-inview/0.0.1/package
27 silly lockFile 3a52ce78- .
28 silly lockFile 3a52ce78- .
29 silly publish { name: 'angular-inview',
29 silly publish   version: '0.0.1',
29 silly publish   description: 'Applying slide effects to webpage divisions onview',
29 silly publish   main: 'index.html',
29 silly publish   scripts: { test: 'echo "Error: no test specified" && exit 1' },
29 silly publish   repository:
29 silly publish    { type: 'git',
29 silly publish      url: 'https://github.com/iamssurya/angular-inview.git' },
29 silly publish   keywords:
29 silly publish    [ 'inview',
29 silly publish      'angular',
29 silly publish      'inview',
29 silly publish      'onload',
29 silly publish      'effect',
29 silly publish      'slide',
29 silly publish      'animations',
29 silly publish      'slider' ],
29 silly publish   author: { name: 'Surya S', email: 'iamssurya@gmail.com' },
29 silly publish   license: 'ISC',
29 silly publish   bugs: { url: 'https://github.com/iamssurya/angular-inview/issues' },
29 silly publish   homepage: 'https://github.com/iamssurya/angular-inview',
29 silly publish   readme: 'Angular InView Event\n===\n\n*Author:* Surya S\n\n*Original Jquery Version Author:* Remy Sharp\n\n\n## What it does?\n\nYou can make your section of webpage to appear with slide effects when the user views. \n\n## Installation\n\nDependent on Jquery and Angular\n\n\t<script src="http://ajax.googleapis.com/ajax/libs/jquery/1.11.1/jquery.min.js"></script>\n\t<script src="https://ajax.googleapis.com/ajax/libs/angularjs/1.4.5/angular.min.js"></script>\n\nFor Downloading Angular InView Event plugin, \n\n\tgit clone https://github.com/iamssurya/angular-inview.git\n\n\tor\n\n\tnpm install angular-inview\n\nAdd the angular-inview libraries to your project\n\n\t<link rel="stylesheet" href="dist/css/angular-inview.css">\n\t<script src="dist/js/jquery.inview.js"></script>\n\t<script src="dist/js/angular.inview.js"></script>\n\n## How to use ?\n\t\n\tInject \'angular-inview\' in your angular app\n\n\tangular.module(\'someapp\',[\'angular-inview\']);\n\n### SLIDE EFFECTS\n\t\n\tTo add slide effects to DOM\n\n\t<div slide-inview="up || down || left || right"></div>\n\n\n## More Info\n\t\nContact me @ *iamssurya@gmail.com* for any queries\n\n\n\n\n',
29 silly publish   readmeFilename: 'README.md',
29 silly publish   gitHead: 'e03b1e162f813bf197879abd08173f90999910ae',
29 silly publish   _id: 'angular-inview@0.0.1',
29 silly publish   _shasum: '65da7eeee17afd3ed3400f83bdcc864785ff5013',
29 silly publish   _from: '.' }
30 verbose request where is /angular-inview
31 verbose request registry https://registry.npmjs.org/
32 verbose request id dc913944bf66d271
33 verbose url raw /angular-inview
34 verbose url resolving [ 'https://registry.npmjs.org/', './angular-inview' ]
35 verbose url resolved https://registry.npmjs.org/angular-inview
36 verbose request where is https://registry.npmjs.org/angular-inview
37 info trying registry request attempt 1 at 17:41:37
38 http PUT https://registry.npmjs.org/angular-inview
39 http 403 https://registry.npmjs.org/angular-inview
40 verbose headers { 'content-type': 'application/json',
40 verbose headers   'cache-control': 'max-age=300',
40 verbose headers   'content-length': '106',
40 verbose headers   'accept-ranges': 'bytes',
40 verbose headers   date: 'Tue, 29 Dec 2015 12:11:41 GMT',
40 verbose headers   via: '1.1 varnish',
40 verbose headers   connection: 'keep-alive',
40 verbose headers   'x-served-by': 'cache-sin6926-SIN',
40 verbose headers   'x-cache': 'MISS',
40 verbose headers   'x-cache-hits': '0',
40 verbose headers   'x-timer': 'S1451391099.837917,VS0,VE1643' }
41 error publish Failed PUT 403
42 error Error: You do not have permission to publish 'angular-inview'. Are you logged in as the correct user? : angular-inview
42 error     at RegClient.<anonymous> (/usr/lib/node_modules/npm/node_modules/npm-registry-client/lib/request.js:308:14)
42 error     at Request._callback (/usr/lib/node_modules/npm/node_modules/npm-registry-client/lib/request.js:246:65)
42 error     at Request.self.callback (/usr/lib/node_modules/npm/node_modules/request/request.js:236:22)
42 error     at Request.emit (events.js:98:17)
42 error     at Request.<anonymous> (/usr/lib/node_modules/npm/node_modules/request/request.js:1142:14)
42 error     at Request.emit (events.js:117:20)
42 error     at IncomingMessage.<anonymous> (/usr/lib/node_modules/npm/node_modules/request/request.js:1096:12)
42 error     at IncomingMessage.emit (events.js:117:20)
42 error     at _stream_readable.js:944:16
42 error     at process._tickCallback (node.js:448:13)
43 error If you need help, you may report this *entire* log,
43 error including the npm and node versions, at:
43 error     <http://github.com/npm/npm/issues>
44 error System Linux 3.16.0-44-generic
45 error command "/usr/bin/node" "/usr/bin/npm" "publish"
46 error cwd /var/www/html/mini/angular-inview
47 error node -v v0.10.37
48 error npm -v 1.4.28
49 verbose exit [ 1, true ]
